[2023-01-25T06:54:37.161250+00:00] log.DEBUG: SELECT pasien_kunjungan.*, '' AS `cetak` FROM pasien_kunjungan WHERE `id_reg` = 223456 {"params":[],"types":[],"executionMS":0.06489109992980957} []
[2023-01-25T06:54:38.263792+00:00] log.DEBUG: SELECT `no_rkm_medis` AS `lf`, `no_rkm_medis` AS `df`, `nm_pasien` AS `df2`, `alamat` AS `df3`, `nm_ibu` AS `df4` FROM `pasien` WHERE `no_rkm_medis` = '000005' ORDER BY `tgl_daftar` DESC {"params":[],"types":[],"executionMS":0.013839006423950195} []
[2023-01-25T06:54:38.319840+00:00] log.DEBUG: SELECT pasien_kunjungan.*, '' AS `cetak` FROM pasien_kunjungan WHERE `id_reg`=223456 {"params":[],"types":[],"executionMS":0.0013489723205566406} []
[2023-01-25T06:54:38.322303+00:00] log.DEBUG: SELECT `no_rkm_medis` AS `lf`, `no_rkm_medis` AS `df`, `nm_pasien` AS `df2`, `alamat` AS `df3`, `nm_ibu` AS `df4` FROM `pasien` WHERE `no_rkm_medis` = '000005' ORDER BY `tgl_daftar` DESC {"params":[],"types":[],"executionMS":0.0006778240203857422} []
[2023-01-25T06:54:38.330335+00:00] log.DEBUG: SELECT COUNT(*) FROM `catatan_medis` WHERE `no_reg`='223456' {"params":[],"types":[],"executionMS":0.006334066390991211} []
[2023-01-25T06:54:38.365303+00:00] log.DEBUG: SELECT * FROM `catatan_medis` WHERE `no_reg`='223456' LIMIT 1 {"params":[],"types":[],"executionMS":0.0024559497833251953} []
[2023-01-25T06:54:38.410819+00:00] log.DEBUG: SELECT pasien_kunjungan.*, '' AS `cetak` FROM pasien_kunjungan WHERE `id_reg`=223456 {"params":[],"types":[],"executionMS":0.0008170604705810547} []
[2023-01-25T06:54:38.413082+00:00] log.DEBUG: SELECT `no_rkm_medis` AS `lf`, `no_rkm_medis` AS `df`, `nm_pasien` AS `df2`, `alamat` AS `df3`, `nm_ibu` AS `df4` FROM `pasien` WHERE `no_rkm_medis` = '000005' ORDER BY `tgl_daftar` DESC {"params":[],"types":[],"executionMS":0.0006630420684814453} []
[2023-01-25T06:54:38.425079+00:00] log.DEBUG: SELECT COUNT(*) FROM `penilaian_awal_keperawatan_ralan` WHERE `no_rawat`='223456' {"params":[],"types":[],"executionMS":0.010601997375488281} []
[2023-01-25T06:54:38.427955+00:00] log.DEBUG: SELECT * FROM `penilaian_awal_keperawatan_ralan` WHERE `no_rawat`='223456' LIMIT 1 {"params":[],"types":[],"executionMS":0.0024569034576416016} []
[2023-01-25T06:54:38.467938+00:00] log.DEBUG: SELECT pasien_kunjungan.*, '' AS `cetak` FROM pasien_kunjungan WHERE `id_reg`=223456 {"params":[],"types":[],"executionMS":0.0007181167602539062} []
[2023-01-25T06:54:38.474655+00:00] log.DEBUG: SELECT `no_rkm_medis` AS `lf`, `no_rkm_medis` AS `df`, `nm_pasien` AS `df2`, `alamat` AS `df3`, `nm_ibu` AS `df4` FROM `pasien` WHERE `no_rkm_medis` = '000005' ORDER BY `tgl_daftar` DESC {"params":[],"types":[],"executionMS":0.0018558502197265625} []
[2023-01-25T06:54:38.480453+00:00] log.DEBUG: SELECT COUNT(*) FROM `penilaian_medis_ralan` WHERE `no_rawat`='223456' {"params":[],"types":[],"executionMS":0.004427909851074219} []
[2023-01-25T06:54:38.482551+00:00] log.DEBUG: SELECT * FROM `penilaian_medis_ralan` WHERE `no_rawat`='223456' {"params":[],"types":[],"executionMS":0.0016791820526123047} []
[2023-01-25T06:54:38.613133+00:00] log.DEBUG: SELECT pasien_kunjungan.*, '' AS `cetak` FROM pasien_kunjungan WHERE `id_reg`=223456 {"params":[],"types":[],"executionMS":0.0009350776672363281} []
[2023-01-25T06:54:38.615377+00:00] log.DEBUG: SELECT `no_rkm_medis` AS `lf`, `no_rkm_medis` AS `df`, `nm_pasien` AS `df2`, `alamat` AS `df3`, `nm_ibu` AS `df4` FROM `pasien` WHERE `no_rkm_medis` = '000005' ORDER BY `tgl_daftar` DESC {"params":[],"types":[],"executionMS":0.0006239414215087891} []
[2023-01-25T06:54:38.628287+00:00] log.DEBUG: SELECT COUNT(*) FROM `penilaian_awal_keperawatan_ralan_psikiatri` WHERE `no_rawat`='223456' {"params":[],"types":[],"executionMS":0.011515140533447266} []
[2023-01-25T06:54:38.631454+00:00] log.DEBUG: SELECT * FROM `penilaian_awal_keperawatan_ralan_psikiatri` WHERE `no_rawat`='223456' {"params":[],"types":[],"executionMS":0.002741098403930664} []
[2023-01-25T06:54:38.744735+00:00] log.DEBUG: SELECT pasien_kunjungan.*, '' AS `cetak` FROM pasien_kunjungan WHERE `id_reg`=223456 {"params":[],"types":[],"executionMS":0.0006098747253417969} []
[2023-01-25T06:54:38.747370+00:00] log.DEBUG: SELECT `no_rkm_medis` AS `lf`, `no_rkm_medis` AS `df`, `nm_pasien` AS `df2`, `alamat` AS `df3`, `nm_ibu` AS `df4` FROM `pasien` WHERE `no_rkm_medis` = '000005' ORDER BY `tgl_daftar` DESC {"params":[],"types":[],"executionMS":0.0009441375732421875} []
[2023-01-25T06:54:38.751576+00:00] log.DEBUG: SELECT COUNT(*) FROM `penilaian_psikologi` WHERE `no_rawat`='223456' {"params":[],"types":[],"executionMS":0.0028040409088134766} []
[2023-01-25T06:54:38.755610+00:00] log.DEBUG: SELECT * FROM `penilaian_psikologi` WHERE `no_rawat`='223456' {"params":[],"types":[],"executionMS":0.0022668838500976562} []
[2023-01-25T06:54:38.850782+00:00] log.DEBUG: SELECT COUNT(*) FROM `m_penyakit` {"params":[],"types":[],"executionMS":0.05936717987060547} []
[2023-01-25T06:54:38.886206+00:00] log.DEBUG: SELECT COUNT(*) FROM `m_icd9` {"params":[],"types":[],"executionMS":0.02644801139831543} []
[2023-01-25T06:54:38.889042+00:00] log.DEBUG: SELECT pasien_kunjungan.*, '' AS `cetak` FROM pasien_kunjungan WHERE `id_reg`=223456 {"params":[],"types":[],"executionMS":0.0006320476531982422} []
[2023-01-25T06:54:38.891532+00:00] log.DEBUG: SELECT `no_rkm_medis` AS `lf`, `no_rkm_medis` AS `df`, `nm_pasien` AS `df2`, `alamat` AS `df3`, `nm_ibu` AS `df4` FROM `pasien` WHERE `no_rkm_medis` = '000005' ORDER BY `tgl_daftar` DESC {"params":[],"types":[],"executionMS":0.0009210109710693359} []
[2023-01-25T06:54:38.895936+00:00] log.DEBUG: SELECT COUNT(*) FROM `diagnosa_pasien` WHERE `no_rawat`='223456' {"params":[],"types":[],"executionMS":0.0030188560485839844} []
[2023-01-25T06:54:38.896874+00:00] log.DEBUG: SELECT * FROM `diagnosa_pasien` WHERE `no_rawat`='223456' LIMIT 1 {"params":[],"types":[],"executionMS":0.0005271434783935547} []
[2023-01-25T06:54:38.911563+00:00] log.DEBUG: SELECT `kd_penyakit` AS `lf`, `kd_penyakit` AS `df`, `nm_penyakit` AS `df2`, '' AS `df3`, '' AS `df4` FROM `m_penyakit` WHERE `kd_penyakit` = 'A00.1' ORDER BY `kd_penyakit` ASC {"params":[],"types":[],"executionMS":0.0017611980438232422} []
[2023-01-25T06:54:38.914794+00:00] log.DEBUG: SELECT `kode` AS `lf`, `kode` AS `df`, `deskripsi_panjang` AS `df2`, '' AS `df3`, '' AS `df4` FROM `m_icd9` WHERE `kode` = '00.12' {"params":[],"types":[],"executionMS":0.0013730525970458984} []
[2023-01-25T06:54:38.926772+00:00] log.DEBUG: SELECT pasien_kunjungan.*, '' AS `cetak` FROM pasien_kunjungan WHERE `id_reg`=223456 {"params":[],"types":[],"executionMS":0.0009121894836425781} []
[2023-01-25T06:54:38.929548+00:00] log.DEBUG: SELECT `no_rkm_medis` AS `lf`, `no_rkm_medis` AS `df`, `nm_pasien` AS `df2`, `alamat` AS `df3`, `nm_ibu` AS `df4` FROM `pasien` WHERE `no_rkm_medis` = '000005' ORDER BY `tgl_daftar` DESC {"params":[],"types":[],"executionMS":0.0009379386901855469} []
[2023-01-25T06:54:38.933647+00:00] log.DEBUG: SELECT COUNT(*) FROM `cppt` WHERE `no_reg`=223456 {"params":[],"types":[],"executionMS":0.0027229785919189453} []
[2023-01-25T06:54:38.939628+00:00] log.DEBUG: SELECT * FROM `cppt` WHERE `no_reg`=223456 {"params":[],"types":[],"executionMS":0.005558013916015625} []
[2023-01-25T06:54:38.957220+00:00] log.DEBUG: SELECT pasien_kunjungan.*, '' AS `cetak` FROM pasien_kunjungan WHERE `id_reg`=223456 {"params":[],"types":[],"executionMS":0.0006721019744873047} []
[2023-01-25T06:54:38.959771+00:00] log.DEBUG: SELECT `no_rkm_medis` AS `lf`, `no_rkm_medis` AS `df`, `nm_pasien` AS `df2`, `alamat` AS `df3`, `nm_ibu` AS `df4` FROM `pasien` WHERE `no_rkm_medis` = '000005' ORDER BY `tgl_daftar` DESC {"params":[],"types":[],"executionMS":0.000946044921875} []
[2023-01-25T06:54:38.966087+00:00] log.DEBUG: SELECT COUNT(*) FROM `billing` WHERE `no_reg`='223456' {"params":[],"types":[],"executionMS":0.004945993423461914} []
[2023-01-25T06:54:38.970940+00:00] log.DEBUG: SELECT * FROM `billing` WHERE `no_reg`='223456' {"params":[],"types":[],"executionMS":0.004431009292602539} []
[2023-01-25T06:54:38.988763+00:00] log.DEBUG: SELECT pasien_kunjungan.*, '' AS `cetak` FROM pasien_kunjungan WHERE `id_reg`=223456 {"params":[],"types":[],"executionMS":0.0006520748138427734} []
[2023-01-25T06:54:38.991184+00:00] log.DEBUG: SELECT `no_rkm_medis` AS `lf`, `no_rkm_medis` AS `df`, `nm_pasien` AS `df2`, `alamat` AS `df3`, `nm_ibu` AS `df4` FROM `pasien` WHERE `no_rkm_medis` = '000005' ORDER BY `tgl_daftar` DESC {"params":[],"types":[],"executionMS":0.0006361007690429688} []
[2023-01-25T06:54:38.994288+00:00] log.DEBUG: SELECT COUNT(*) FROM `konsul` WHERE `no_reg`=223456 {"params":[],"types":[],"executionMS":0.0017180442810058594} []
[2023-01-25T06:54:38.995226+00:00] log.DEBUG: SELECT * FROM `konsul` WHERE `no_reg`=223456 LIMIT 1 {"params":[],"types":[],"executionMS":0.0005269050598144531} []
[2023-01-25T06:54:39.024811+00:00] log.DEBUG: SELECT pasien_kunjungan.*, '' AS `cetak` FROM pasien_kunjungan WHERE `id_reg`=223456 {"params":[],"types":[],"executionMS":0.0006189346313476562} []
[2023-01-25T06:54:39.027133+00:00] log.DEBUG: SELECT `no_rkm_medis` AS `lf`, `no_rkm_medis` AS `df`, `nm_pasien` AS `df2`, `alamat` AS `df3`, `nm_ibu` AS `df4` FROM `pasien` WHERE `no_rkm_medis` = '000005' ORDER BY `tgl_daftar` DESC {"params":[],"types":[],"executionMS":0.0006580352783203125} []
[2023-01-25T06:54:39.031563+00:00] log.DEBUG: SELECT COUNT(*) FROM `pemeriksaan_ralan` WHERE `no_rawat`='223456' {"params":[],"types":[],"executionMS":0.0030531883239746094} []
[2023-01-25T06:54:39.033013+00:00] log.DEBUG: SELECT * FROM `pemeriksaan_ralan` WHERE `no_rawat`='223456' {"params":[],"types":[],"executionMS":0.0009748935699462891} []
[2023-01-25T06:54:39.066781+00:00] log.DEBUG: SELECT pasien_kunjungan.*, '' AS `cetak` FROM pasien_kunjungan WHERE `id_reg`=223456 {"params":[],"types":[],"executionMS":0.0006389617919921875} []
[2023-01-25T06:54:39.073712+00:00] log.DEBUG: SELECT `no_rkm_medis` AS `lf`, `no_rkm_medis` AS `df`, `nm_pasien` AS `df2`, `alamat` AS `df3`, `nm_ibu` AS `df4` FROM `pasien` WHERE `no_rkm_medis` = '000005' ORDER BY `tgl_daftar` DESC {"params":[],"types":[],"executionMS":0.0011200904846191406} []
[2023-01-25T06:54:39.078618+00:00] log.DEBUG: SELECT COUNT(*) FROM `tindak_lanjut` WHERE `no_reg`='223456' {"params":[],"types":[],"executionMS":0.0035400390625} []
[2023-01-25T06:54:39.079503+00:00] log.DEBUG: SELECT * FROM `tindak_lanjut` WHERE `no_reg`='223456' {"params":[],"types":[],"executionMS":0.0004761219024658203} []
[2023-01-25T06:54:39.092076+00:00] log.DEBUG: SELECT pasien_kunjungan.*, '' AS `cetak` FROM pasien_kunjungan WHERE `id_reg`=223456 {"params":[],"types":[],"executionMS":0.0006530284881591797} []
[2023-01-25T06:54:39.094464+00:00] log.DEBUG: SELECT `no_rkm_medis` AS `lf`, `no_rkm_medis` AS `df`, `nm_pasien` AS `df2`, `alamat` AS `df3`, `nm_ibu` AS `df4` FROM `pasien` WHERE `no_rkm_medis` = '000005' ORDER BY `tgl_daftar` DESC {"params":[],"types":[],"executionMS":0.0006928443908691406} []
[2023-01-25T06:54:39.099140+00:00] log.DEBUG: SELECT COUNT(*) FROM `resep_dokter` WHERE `no_reg`=223456 {"params":[],"types":[],"executionMS":0.003236055374145508} []
[2023-01-25T06:54:39.100371+00:00] log.DEBUG: SELECT * FROM `resep_dokter` WHERE `no_reg`=223456 {"params":[],"types":[],"executionMS":0.000762939453125} []
[2023-01-25T06:54:39.127453+00:00] log.DEBUG: SELECT COUNT(*) FROM (SELECT `no_rkm_medis` AS `lf`, `no_rkm_medis` AS `df`, `nm_pasien` AS `df2`, `alamat` AS `df3`, `nm_ibu` AS `df4` FROM `pasien`) COUNT_TABLE {"params":[],"types":[],"executionMS":0.005112886428833008} []
[2023-01-25T06:54:39.128925+00:00] log.DEBUG: SELECT `no_rkm_medis` AS `lf`, `no_rkm_medis` AS `df`, `nm_pasien` AS `df2`, `alamat` AS `df3`, `nm_ibu` AS `df4` FROM `pasien` ORDER BY `tgl_daftar` DESC {"params":[],"types":[],"executionMS":0.0012111663818359375} []
[2023-01-25T06:54:39.142001+00:00] log.DEBUG: SELECT COUNT(*) FROM (SELECT `kd_poli` AS `lf`, `nm_poli` AS `df`, '' AS `df2`, '' AS `df3`, '' AS `df4` FROM `poliklinik` WHERE `status`='1') COUNT_TABLE {"params":[],"types":[],"executionMS":0.0029811859130859375} []
[2023-01-25T06:54:39.143386+00:00] log.DEBUG: SELECT `kd_poli` AS `lf`, `nm_poli` AS `df`, '' AS `df2`, '' AS `df3`, '' AS `df4` FROM `poliklinik` WHERE `status`='1' {"params":[],"types":[],"executionMS":0.0010759830474853516} []
[2023-01-25T06:54:39.176508+00:00] log.DEBUG: SELECT COUNT(*) FROM (SELECT `kd_penyakit` AS `lf`, `kd_penyakit` AS `df`, `nm_penyakit` AS `df2`, '' AS `df3`, '' AS `df4` FROM `m_penyakit`) COUNT_TABLE {"params":[],"types":[],"executionMS":0.03014683723449707} []
[2023-01-25T06:54:39.180619+00:00] log.DEBUG: SELECT COUNT(*) FROM (SELECT `kode` AS `lf`, `kode` AS `df`, `deskripsi_panjang` AS `df2`, '' AS `df3`, '' AS `df4` FROM `m_icd9`) COUNT_TABLE {"params":[],"types":[],"executionMS":0.003378152847290039} []
[2023-01-25T06:54:39.187616+00:00] log.DEBUG: SELECT pasien_kunjungan.*, '' AS `cetak` FROM pasien_kunjungan WHERE `no_rkm_medis`='000005' {"params":[],"types":[],"executionMS":0.0029931068420410156} []
[2023-01-25T06:54:39.190437+00:00] log.DEBUG: SELECT `no_rkm_medis` AS `lf`, `no_rkm_medis` AS `df`, `nm_pasien` AS `df2`, `alamat` AS `df3`, `nm_ibu` AS `df4` FROM `pasien` WHERE `no_rkm_medis` = '000005' ORDER BY `tgl_daftar` DESC {"params":[],"types":[],"executionMS":0.0009350776672363281} []
[2023-01-25T06:54:39.195447+00:00] log.DEBUG: SELECT COUNT(*) FROM (SELECT pasien_kunjungan.no_rkm_medis, pasien_kunjungan.kd_poli, pasien_kunjungan.kd_dokter, pasien_kunjungan.tgl_registrasi, pasien_kunjungan.jam_reg, pasien_kunjungan.id_reg, diagnosa_pasien.kd_penyakit, penilaian_awal_keperawatan_ralan.alergi, diagnosa_pasien.kd_icd9, '' AS `cetak` FROM pasien_kunjungan INNER JOIN diagnosa_pasien ON pasien_kunjungan.id_reg = diagnosa_pasien.no_rawat INNER JOIN penilaian_awal_keperawatan_ralan ON pasien_kunjungan.id_reg = penilaian_awal_keperawatan_ralan.no_rawat WHERE pasien_kunjungan.no_rkm_medis='000005') COUNT_TABLE {"params":[],"types":[],"executionMS":0.0036470890045166016} []
[2023-01-25T06:54:39.196672+00:00] log.DEBUG: SELECT pasien_kunjungan.no_rkm_medis, pasien_kunjungan.kd_poli, pasien_kunjungan.kd_dokter, pasien_kunjungan.tgl_registrasi, pasien_kunjungan.jam_reg, pasien_kunjungan.id_reg, diagnosa_pasien.kd_penyakit, penilaian_awal_keperawatan_ralan.alergi, diagnosa_pasien.kd_icd9, '' AS `cetak` FROM pasien_kunjungan INNER JOIN diagnosa_pasien ON pasien_kunjungan.id_reg = diagnosa_pasien.no_rawat INNER JOIN penilaian_awal_keperawatan_ralan ON pasien_kunjungan.id_reg = penilaian_awal_keperawatan_ralan.no_rawat WHERE pasien_kunjungan.no_rkm_medis='000005' LIMIT 1 {"params":[],"types":[],"executionMS":0.0008120536804199219} []
[2023-01-25T06:54:39.212143+00:00] log.DEBUG: SELECT `kd_penyakit` AS `lf`, `kd_penyakit` AS `df`, `nm_penyakit` AS `df2`, '' AS `df3`, '' AS `df4` FROM `m_penyakit` WHERE `kd_penyakit` = 'A00.1' ORDER BY `kd_penyakit` ASC {"params":[],"types":[],"executionMS":0.0005819797515869141} []
[2023-01-25T06:54:39.214460+00:00] log.DEBUG: SELECT `kode` AS `lf`, `kode` AS `df`, `deskripsi_panjang` AS `df2`, '' AS `df3`, '' AS `df4` FROM `m_icd9` WHERE `kode` = '00.12' {"params":[],"types":[],"executionMS":0.0005869865417480469} []
[2023-01-25T06:54:39.226147+00:00] log.DEBUG: SELECT COUNT(*) FROM (SELECT `no_rkm_medis` AS `lf`, `no_rkm_medis` AS `df`, `nm_pasien` AS `df2`, `alamat` AS `df3`, `nm_ibu` AS `df4` FROM `pasien`) COUNT_TABLE {"params":[],"types":[],"executionMS":0.0007200241088867188} []
[2023-01-25T06:54:39.226984+00:00] log.DEBUG: SELECT `no_rkm_medis` AS `lf`, `no_rkm_medis` AS `df`, `nm_pasien` AS `df2`, `alamat` AS `df3`, `nm_ibu` AS `df4` FROM `pasien` ORDER BY `tgl_daftar` DESC {"params":[],"types":[],"executionMS":0.0005769729614257812} []
[2023-01-25T06:54:39.232596+00:00] log.DEBUG: SELECT COUNT(*) FROM (SELECT `kd_poli` AS `lf`, `nm_poli` AS `df`, '' AS `df2`, '' AS `df3`, '' AS `df4` FROM `poliklinik` WHERE `status`='1') COUNT_TABLE {"params":[],"types":[],"executionMS":0.0006170272827148438} []
[2023-01-25T06:54:39.233389+00:00] log.DEBUG: SELECT `kd_poli` AS `lf`, `nm_poli` AS `df`, '' AS `df2`, '' AS `df3`, '' AS `df4` FROM `poliklinik` WHERE `status`='1' {"params":[],"types":[],"executionMS":0.000537872314453125} []
[2023-01-25T06:54:39.239633+00:00] log.DEBUG: SELECT pasien_kunjungan.*, '' AS `cetak` FROM pasien_kunjungan WHERE `no_rkm_medis`='000005' {"params":[],"types":[],"executionMS":0.0006630420684814453} []
[2023-01-25T06:54:39.241990+00:00] log.DEBUG: SELECT `no_rkm_medis` AS `lf`, `no_rkm_medis` AS `df`, `nm_pasien` AS `df2`, `alamat` AS `df3`, `nm_ibu` AS `df4` FROM `pasien` WHERE `no_rkm_medis` = '000005' ORDER BY `tgl_daftar` DESC {"params":[],"types":[],"executionMS":0.0006318092346191406} []
[2023-01-25T06:54:39.245299+00:00] log.DEBUG: SELECT COUNT(*) FROM (SELECT pasien_kunjungan.id_reg, pasien_kunjungan.no_rkm_medis, pasien_kunjungan.kd_poli, pasien_kunjungan.kd_dokter, pasien_kunjungan.tgl_registrasi, pasien_kunjungan.jam_reg, '' AS `cetak` FROM pasien_kunjungan WHERE pasien_kunjungan.no_rkm_medis='000005') COUNT_TABLE {"params":[],"types":[],"executionMS":0.0009238719940185547} []
[2023-01-25T06:54:39.246243+00:00] log.DEBUG: SELECT pasien_kunjungan.id_reg, pasien_kunjungan.no_rkm_medis, pasien_kunjungan.kd_poli, pasien_kunjungan.kd_dokter, pasien_kunjungan.tgl_registrasi, pasien_kunjungan.jam_reg, '' AS `cetak` FROM pasien_kunjungan WHERE pasien_kunjungan.no_rkm_medis='000005' LIMIT 1 {"params":[],"types":[],"executionMS":0.0005290508270263672} []
[2023-01-25T06:54:47.881784+00:00] log.DEBUG: SELECT COUNT(*) FROM (SELECT `no_rkm_medis` AS `lf`, `no_rkm_medis` AS `df`, `nm_pasien` AS `df2`, `alamat` AS `df3`, `nm_ibu` AS `df4` FROM `pasien`) COUNT_TABLE {"params":[],"types":[],"executionMS":0.000637054443359375} []
[2023-01-25T06:54:47.886141+00:00] log.DEBUG: SELECT `no_rkm_medis` AS `lf`, `no_rkm_medis` AS `df`, `nm_pasien` AS `df2`, `alamat` AS `df3`, `nm_ibu` AS `df4` FROM `pasien` ORDER BY `tgl_daftar` DESC {"params":[],"types":[],"executionMS":0.0007050037384033203} []
[2023-01-25T06:54:47.899473+00:00] log.DEBUG: SELECT COUNT(*) FROM (SELECT `kd_poli` AS `lf`, `nm_poli` AS `df`, '' AS `df2`, '' AS `df3`, '' AS `df4` FROM `poliklinik` WHERE `status`='1') COUNT_TABLE {"params":[],"types":[],"executionMS":0.0006260871887207031} []
[2023-01-25T06:54:47.900320+00:00] log.DEBUG: SELECT `kd_poli` AS `lf`, `nm_poli` AS `df`, '' AS `df2`, '' AS `df3`, '' AS `df4` FROM `poliklinik` WHERE `status`='1' {"params":[],"types":[],"executionMS":0.0005869865417480469} []
[2023-01-25T06:54:47.912494+00:00] log.DEBUG: SELECT COUNT(*) FROM (SELECT `kd_pj` AS `lf`, `png_jawab` AS `df`, `nama_perusahaan` AS `df2`, '' AS `df3`, '' AS `df4` FROM `penjab`) COUNT_TABLE {"params":[],"types":[],"executionMS":0.002444028854370117} []
[2023-01-25T06:54:47.913832+00:00] log.DEBUG: SELECT `kd_pj` AS `lf`, `png_jawab` AS `df`, `nama_perusahaan` AS `df2`, '' AS `df3`, '' AS `df4` FROM `penjab` {"params":[],"types":[],"executionMS":0.0010838508605957031} []
[2023-01-25T06:54:47.985640+00:00] log.DEBUG: SELECT COUNT(*) FROM (SELECT pasien_kunjungan.*, '' AS `cetak` FROM pasien_kunjungan WHERE (pasien_kunjungan.kd_poli = 'IGDK') AND (`kd_poli`= 'IGDK')) COUNT_TABLE {"params":[],"types":[],"executionMS":0.0012760162353515625} []
[2023-01-25T06:54:47.999354+00:00] log.DEBUG: SELECT pasien_kunjungan.*, '' AS `cetak` FROM pasien_kunjungan WHERE (pasien_kunjungan.kd_poli = 'IGDK') AND (`kd_poli`= 'IGDK') LIMIT 20 {"params":[],"types":[],"executionMS":0.0008349418640136719} []
[2023-01-25T06:54:53.976053+00:00] log.DEBUG: SELECT pasien_kunjungan.*, '' AS `cetak` FROM pasien_kunjungan WHERE ((pasien_kunjungan.kd_poli = 'IGDK') AND (`kd_poli`= 'IGDK')) AND (`id_reg` = 223457) {"params":[],"types":[],"executionMS":0.0009200572967529297} []
[2023-01-25T06:54:54.288613+00:00] log.DEBUG: SELECT `no_rkm_medis` AS `lf`, `no_rkm_medis` AS `df`, `nm_pasien` AS `df2`, `alamat` AS `df3`, `nm_ibu` AS `df4` FROM `pasien` WHERE `no_rkm_medis` = '000010' ORDER BY `tgl_daftar` DESC {"params":[],"types":[],"executionMS":0.0007061958312988281} []
[2023-01-25T06:54:54.291667+00:00] log.DEBUG: SELECT `kd_poli` AS `lf`, `nm_poli` AS `df`, '' AS `df2`, '' AS `df3`, '' AS `df4` FROM `poliklinik` WHERE (`kd_poli` = 'IGDK') AND (`status`='1') {"params":[],"types":[],"executionMS":0.0006251335144042969} []
[2023-01-25T06:54:54.294177+00:00] log.DEBUG: SELECT `kd_pj` AS `lf`, `png_jawab` AS `df`, `nama_perusahaan` AS `df2`, '' AS `df3`, '' AS `df4` FROM `penjab` WHERE `kd_pj` = '-' {"params":[],"types":[],"executionMS":0.0005710124969482422} []
[2023-01-25T06:54:54.810426+00:00] log.DEBUG: SELECT pasien_kunjungan.*, '' AS `cetak` FROM pasien_kunjungan WHERE ((pasien_kunjungan.kd_poli = 'IGDK') AND (`kd_poli`= 'IGDK')) AND (`id_reg`=223457) {"params":[],"types":[],"executionMS":0.0008389949798583984} []
[2023-01-25T06:54:54.812876+00:00] log.DEBUG: SELECT `no_rkm_medis` AS `lf`, `no_rkm_medis` AS `df`, `nm_pasien` AS `df2`, `alamat` AS `df3`, `nm_ibu` AS `df4` FROM `pasien` WHERE `no_rkm_medis` = '000010' ORDER BY `tgl_daftar` DESC {"params":[],"types":[],"executionMS":0.0006840229034423828} []
[2023-01-25T06:54:54.815485+00:00] log.DEBUG: SELECT `kd_poli` AS `lf`, `nm_poli` AS `df`, '' AS `df2`, '' AS `df3`, '' AS `df4` FROM `poliklinik` WHERE (`kd_poli` = 'IGDK') AND (`status`='1') {"params":[],"types":[],"executionMS":0.0005788803100585938} []
[2023-01-25T06:54:54.818013+00:00] log.DEBUG: SELECT `kd_pj` AS `lf`, `png_jawab` AS `df`, `nama_perusahaan` AS `df2`, '' AS `df3`, '' AS `df4` FROM `penjab` WHERE `kd_pj` = '-' {"params":[],"types":[],"executionMS":0.0005738735198974609} []
[2023-01-25T06:54:54.820184+00:00] log.DEBUG: SELECT COUNT(*) FROM `penilaian_awal_keperawatan_ralan` WHERE `no_rawat`='223457' {"params":[],"types":[],"executionMS":0.0005631446838378906} []
[2023-01-25T06:54:54.832428+00:00] log.DEBUG: SELECT * FROM `penilaian_awal_keperawatan_ralan` WHERE `no_rawat`='223457' LIMIT 1 {"params":[],"types":[],"executionMS":0.0013799667358398438} []
[2023-01-25T06:54:54.860287+00:00] log.DEBUG: SELECT pasien_kunjungan.*, '' AS `cetak` FROM pasien_kunjungan WHERE ((pasien_kunjungan.kd_poli = 'IGDK') AND (`kd_poli`= 'IGDK')) AND (`id_reg`=223457) {"params":[],"types":[],"executionMS":0.0006730556488037109} []
[2023-01-25T06:54:54.862839+00:00] log.DEBUG: SELECT `no_rkm_medis` AS `lf`, `no_rkm_medis` AS `df`, `nm_pasien` AS `df2`, `alamat` AS `df3`, `nm_ibu` AS `df4` FROM `pasien` WHERE `no_rkm_medis` = '000010' ORDER BY `tgl_daftar` DESC {"params":[],"types":[],"executionMS":0.0007891654968261719} []
[2023-01-25T06:54:54.865613+00:00] log.DEBUG: SELECT `kd_poli` AS `lf`, `nm_poli` AS `df`, '' AS `df2`, '' AS `df3`, '' AS `df4` FROM `poliklinik` WHERE (`kd_poli` = 'IGDK') AND (`status`='1') {"params":[],"types":[],"executionMS":0.0005629062652587891} []
[2023-01-25T06:54:54.868053+00:00] log.DEBUG: SELECT `kd_pj` AS `lf`, `png_jawab` AS `df`, `nama_perusahaan` AS `df2`, '' AS `df3`, '' AS `df4` FROM `penjab` WHERE `kd_pj` = '-' {"params":[],"types":[],"executionMS":0.0005497932434082031} []
[2023-01-25T06:54:54.871432+00:00] log.DEBUG: SELECT COUNT(*) FROM `catatan_medis` WHERE `no_reg`='223457' {"params":[],"types":[],"executionMS":0.0015709400177001953} []
[2023-01-25T06:54:54.872855+00:00] log.DEBUG: SELECT * FROM `catatan_medis` WHERE `no_reg`='223457' {"params":[],"types":[],"executionMS":0.0006961822509765625} []
[2023-01-25T06:54:54.892360+00:00] log.DEBUG: SELECT pasien_kunjungan.*, '' AS `cetak` FROM pasien_kunjungan WHERE ((pasien_kunjungan.kd_poli = 'IGDK') AND (`kd_poli`= 'IGDK')) AND (`id_reg`=223457) {"params":[],"types":[],"executionMS":0.0006730556488037109} []
[2023-01-25T06:54:54.894852+00:00] log.DEBUG: SELECT `no_rkm_medis` AS `lf`, `no_rkm_medis` AS `df`, `nm_pasien` AS `df2`, `alamat` AS `df3`, `nm_ibu` AS `df4` FROM `pasien` WHERE `no_rkm_medis` = '000010' ORDER BY `tgl_daftar` DESC {"params":[],"types":[],"executionMS":0.0006468296051025391} []
[2023-01-25T06:54:54.897584+00:00] log.DEBUG: SELECT `kd_poli` AS `lf`, `nm_poli` AS `df`, '' AS `df2`, '' AS `df3`, '' AS `df4` FROM `poliklinik` WHERE (`kd_poli` = 'IGDK') AND (`status`='1') {"params":[],"types":[],"executionMS":0.0005719661712646484} []
[2023-01-25T06:54:54.900018+00:00] log.DEBUG: SELECT `kd_pj` AS `lf`, `png_jawab` AS `df`, `nama_perusahaan` AS `df2`, '' AS `df3`, '' AS `df4` FROM `penjab` WHERE `kd_pj` = '-' {"params":[],"types":[],"executionMS":0.0005309581756591797} []
[2023-01-25T06:54:54.901687+00:00] log.DEBUG: SELECT COUNT(*) FROM `penilaian_medis_ralan` WHERE `no_rawat`='223457' {"params":[],"types":[],"executionMS":0.0005710124969482422} []
[2023-01-25T06:54:54.905895+00:00] log.DEBUG: SELECT * FROM `penilaian_medis_ralan` WHERE `no_rawat`='223457' LIMIT 1 {"params":[],"types":[],"executionMS":0.0021779537200927734} []
[2023-01-25T06:54:55.013493+00:00] log.DEBUG: SELECT pasien_kunjungan.*, '' AS `cetak` FROM pasien_kunjungan WHERE ((pasien_kunjungan.kd_poli = 'IGDK') AND (`kd_poli`= 'IGDK')) AND (`id_reg`=223457) {"params":[],"types":[],"executionMS":0.0006699562072753906} []
[2023-01-25T06:54:55.015864+00:00] log.DEBUG: SELECT `no_rkm_medis` AS `lf`, `no_rkm_medis` AS `df`, `nm_pasien` AS `df2`, `alamat` AS `df3`, `nm_ibu` AS `df4` FROM `pasien` WHERE `no_rkm_medis` = '000010' ORDER BY `tgl_daftar` DESC {"params":[],"types":[],"executionMS":0.0006308555603027344} []
[2023-01-25T06:54:55.019319+00:00] log.DEBUG: SELECT `kd_poli` AS `lf`, `nm_poli` AS `df`, '' AS `df2`, '' AS `df3`, '' AS `df4` FROM `poliklinik` WHERE (`kd_poli` = 'IGDK') AND (`status`='1') {"params":[],"types":[],"executionMS":0.0013310909271240234} []
[2023-01-25T06:54:55.021807+00:00] log.DEBUG: SELECT `kd_pj` AS `lf`, `png_jawab` AS `df`, `nama_perusahaan` AS `df2`, '' AS `df3`, '' AS `df4` FROM `penjab` WHERE `kd_pj` = '-' {"params":[],"types":[],"executionMS":0.0005519390106201172} []
[2023-01-25T06:54:55.023493+00:00] log.DEBUG: SELECT COUNT(*) FROM `penilaian_awal_keperawatan_ralan_psikiatri` WHERE `no_rawat`='223457' {"params":[],"types":[],"executionMS":0.0005807876586914062} []
[2023-01-25T06:54:55.025043+00:00] log.DEBUG: SELECT * FROM `penilaian_awal_keperawatan_ralan_psikiatri` WHERE `no_rawat`='223457' {"params":[],"types":[],"executionMS":0.0011339187622070312} []
[2023-01-25T06:54:55.115365+00:00] log.DEBUG: SELECT pasien_kunjungan.*, '' AS `cetak` FROM pasien_kunjungan WHERE ((pasien_kunjungan.kd_poli = 'IGDK') AND (`kd_poli`= 'IGDK')) AND (`id_reg`=223457) {"params":[],"types":[],"executionMS":0.0007271766662597656} []
[2023-01-25T06:54:55.117924+00:00] log.DEBUG: SELECT `no_rkm_medis` AS `lf`, `no_rkm_medis` AS `df`, `nm_pasien` AS `df2`, `alamat` AS `df3`, `nm_ibu` AS `df4` FROM `pasien` WHERE `no_rkm_medis` = '000010' ORDER BY `tgl_daftar` DESC {"params":[],"types":[],"executionMS":0.0007071495056152344} []
[2023-01-25T06:54:55.121383+00:00] log.DEBUG: SELECT `kd_poli` AS `lf`, `nm_poli` AS `df`, '' AS `df2`, '' AS `df3`, '' AS `df4` FROM `poliklinik` WHERE (`kd_poli` = 'IGDK') AND (`status`='1') {"params":[],"types":[],"executionMS":0.0007219314575195312} []
[2023-01-25T06:54:55.123815+00:00] log.DEBUG: SELECT `kd_pj` AS `lf`, `png_jawab` AS `df`, `nama_perusahaan` AS `df2`, '' AS `df3`, '' AS `df4` FROM `penjab` WHERE `kd_pj` = '-' {"params":[],"types":[],"executionMS":0.0005450248718261719} []
[2023-01-25T06:54:55.125406+00:00] log.DEBUG: SELECT COUNT(*) FROM `penilaian_psikologi` WHERE `no_rawat`='223457' {"params":[],"types":[],"executionMS":0.0004811286926269531} []
[2023-01-25T06:54:55.126439+00:00] log.DEBUG: SELECT * FROM `penilaian_psikologi` WHERE `no_rawat`='223457' {"params":[],"types":[],"executionMS":0.0005669593811035156} []
[2023-01-25T06:54:55.176205+00:00] log.DEBUG: SELECT COUNT(*) FROM `m_penyakit` {"params":[],"types":[],"executionMS":0.020376920700073242} []
[2023-01-25T06:54:55.183881+00:00] log.DEBUG: SELECT COUNT(*) FROM `m_icd9` {"params":[],"types":[],"executionMS":0.0023279190063476562} []
[2023-01-25T06:54:55.186936+00:00] log.DEBUG: SELECT pasien_kunjungan.*, '' AS `cetak` FROM pasien_kunjungan WHERE ((pasien_kunjungan.kd_poli = 'IGDK') AND (`kd_poli`= 'IGDK')) AND (`id_reg`=223457) {"params":[],"types":[],"executionMS":0.0006649494171142578} []
[2023-01-25T06:54:55.189299+00:00] log.DEBUG: SELECT `no_rkm_medis` AS `lf`, `no_rkm_medis` AS `df`, `nm_pasien` AS `df2`, `alamat` AS `df3`, `nm_ibu` AS `df4` FROM `pasien` WHERE `no_rkm_medis` = '000010' ORDER BY `tgl_daftar` DESC {"params":[],"types":[],"executionMS":0.0006420612335205078} []
[2023-01-25T06:54:55.191961+00:00] log.DEBUG: SELECT `kd_poli` AS `lf`, `nm_poli` AS `df`, '' AS `df2`, '' AS `df3`, '' AS `df4` FROM `poliklinik` WHERE (`kd_poli` = 'IGDK') AND (`status`='1') {"params":[],"types":[],"executionMS":0.0005729198455810547} []
[2023-01-25T06:54:55.194385+00:00] log.DEBUG: SELECT `kd_pj` AS `lf`, `png_jawab` AS `df`, `nama_perusahaan` AS `df2`, '' AS `df3`, '' AS `df4` FROM `penjab` WHERE `kd_pj` = '-' {"params":[],"types":[],"executionMS":0.0005280971527099609} []
[2023-01-25T06:54:55.195985+00:00] log.DEBUG: SELECT COUNT(*) FROM `diagnosa_pasien` WHERE `no_rawat`='223457' {"params":[],"types":[],"executionMS":0.0005028247833251953} []
[2023-01-25T06:54:55.196894+00:00] log.DEBUG: SELECT * FROM `diagnosa_pasien` WHERE `no_rawat`='223457' LIMIT 1 {"params":[],"types":[],"executionMS":0.0005028247833251953} []
[2023-01-25T06:54:55.208621+00:00] log.DEBUG: SELECT `kd_penyakit` AS `lf`, `kd_penyakit` AS `df`, `nm_penyakit` AS `df2`, '' AS `df3`, '' AS `df4` FROM `m_penyakit` WHERE `kd_penyakit` = 'A01.3' ORDER BY `kd_penyakit` ASC {"params":[],"types":[],"executionMS":0.0005779266357421875} []
[2023-01-25T06:54:55.219325+00:00] log.DEBUG: SELECT pasien_kunjungan.*, '' AS `cetak` FROM pasien_kunjungan WHERE ((pasien_kunjungan.kd_poli = 'IGDK') AND (`kd_poli`= 'IGDK')) AND (`id_reg`=223457) {"params":[],"types":[],"executionMS":0.001232147216796875} []
[2023-01-25T06:54:55.221823+00:00] log.DEBUG: SELECT `no_rkm_medis` AS `lf`, `no_rkm_medis` AS `df`, `nm_pasien` AS `df2`, `alamat` AS `df3`, `nm_ibu` AS `df4` FROM `pasien` WHERE `no_rkm_medis` = '000010' ORDER BY `tgl_daftar` DESC {"params":[],"types":[],"executionMS":0.0006468296051025391} []
[2023-01-25T06:54:55.224444+00:00] log.DEBUG: SELECT `kd_poli` AS `lf`, `nm_poli` AS `df`, '' AS `df2`, '' AS `df3`, '' AS `df4` FROM `poliklinik` WHERE (`kd_poli` = 'IGDK') AND (`status`='1') {"params":[],"types":[],"executionMS":0.0005578994750976562} []
[2023-01-25T06:54:55.226878+00:00] log.DEBUG: SELECT `kd_pj` AS `lf`, `png_jawab` AS `df`, `nama_perusahaan` AS `df2`, '' AS `df3`, '' AS `df4` FROM `penjab` WHERE `kd_pj` = '-' {"params":[],"types":[],"executionMS":0.0005519390106201172} []
[2023-01-25T06:54:55.228450+00:00] log.DEBUG: SELECT COUNT(*) FROM `tindak_lanjut` WHERE `no_reg`='223457' {"params":[],"types":[],"executionMS":0.00047898292541503906} []
[2023-01-25T06:54:55.229295+00:00] log.DEBUG: SELECT * FROM `tindak_lanjut` WHERE `no_reg`='223457' {"params":[],"types":[],"executionMS":0.00043702125549316406} []
[2023-01-25T06:54:55.248812+00:00] log.DEBUG: SELECT pasien_kunjungan.*, '' AS `cetak` FROM pasien_kunjungan WHERE ((pasien_kunjungan.kd_poli = 'IGDK') AND (`kd_poli`= 'IGDK')) AND (`id_reg`=223457) {"params":[],"types":[],"executionMS":0.00067901611328125} []
[2023-01-25T06:54:55.251190+00:00] log.DEBUG: SELECT `no_rkm_medis` AS `lf`, `no_rkm_medis` AS `df`, `nm_pasien` AS `df2`, `alamat` AS `df3`, `nm_ibu` AS `df4` FROM `pasien` WHERE `no_rkm_medis` = '000010' ORDER BY `tgl_daftar` DESC {"params":[],"types":[],"executionMS":0.0006659030914306641} []
[2023-01-25T06:54:55.254501+00:00] log.DEBUG: SELECT `kd_poli` AS `lf`, `nm_poli` AS `df`, '' AS `df2`, '' AS `df3`, '' AS `df4` FROM `poliklinik` WHERE (`kd_poli` = 'IGDK') AND (`status`='1') {"params":[],"types":[],"executionMS":0.0005669593811035156} []
[2023-01-25T06:54:55.256910+00:00] log.DEBUG: SELECT `kd_pj` AS `lf`, `png_jawab` AS `df`, `nama_perusahaan` AS `df2`, '' AS `df3`, '' AS `df4` FROM `penjab` WHERE `kd_pj` = '-' {"params":[],"types":[],"executionMS":0.0005309581756591797} []
[2023-01-25T06:54:55.258513+00:00] log.DEBUG: SELECT COUNT(*) FROM `pemeriksaan_ralan` WHERE `no_rawat`='223457' {"params":[],"types":[],"executionMS":0.0005009174346923828} []
[2023-01-25T06:54:55.259501+00:00] log.DEBUG: SELECT * FROM `pemeriksaan_ralan` WHERE `no_rawat`='223457' {"params":[],"types":[],"executionMS":0.000576019287109375} []
[2023-01-25T06:54:55.275622+00:00] log.DEBUG: SELECT COUNT(*) FROM (SELECT `no_rkm_medis` AS `lf`, `no_rkm_medis` AS `df`, `nm_pasien` AS `df2`, `alamat` AS `df3`, `nm_ibu` AS `df4` FROM `pasien`) COUNT_TABLE {"params":[],"types":[],"executionMS":0.0009119510650634766} []
[2023-01-25T06:54:55.276584+00:00] log.DEBUG: SELECT `no_rkm_medis` AS `lf`, `no_rkm_medis` AS `df`, `nm_pasien` AS `df2`, `alamat` AS `df3`, `nm_ibu` AS `df4` FROM `pasien` ORDER BY `tgl_daftar` DESC {"params":[],"types":[],"executionMS":0.0005960464477539062} []
[2023-01-25T06:54:55.282174+00:00] log.DEBUG: SELECT COUNT(*) FROM (SELECT `kd_poli` AS `lf`, `nm_poli` AS `df`, '' AS `df2`, '' AS `df3`, '' AS `df4` FROM `poliklinik` WHERE `status`='1') COUNT_TABLE {"params":[],"types":[],"executionMS":0.0006198883056640625} []
[2023-01-25T06:54:55.282965+00:00] log.DEBUG: SELECT `kd_poli` AS `lf`, `nm_poli` AS `df`, '' AS `df2`, '' AS `df3`, '' AS `df4` FROM `poliklinik` WHERE `status`='1' {"params":[],"types":[],"executionMS":0.0005290508270263672} []
[2023-01-25T06:54:55.290285+00:00] log.DEBUG: SELECT pasien_kunjungan.*, '' AS `cetak` FROM pasien_kunjungan WHERE ((pasien_kunjungan.kd_poli = 'IGDK') AND (`kd_poli`= 'IGDK')) AND (`no_rkm_medis`='000010') {"params":[],"types":[],"executionMS":0.0006949901580810547} []
[2023-01-25T06:54:55.292670+00:00] log.DEBUG: SELECT `no_rkm_medis` AS `lf`, `no_rkm_medis` AS `df`, `nm_pasien` AS `df2`, `alamat` AS `df3`, `nm_ibu` AS `df4` FROM `pasien` WHERE `no_rkm_medis` = '000010' ORDER BY `tgl_daftar` DESC {"params":[],"types":[],"executionMS":0.0006549358367919922} []
[2023-01-25T06:54:55.295238+00:00] log.DEBUG: SELECT `kd_poli` AS `lf`, `nm_poli` AS `df`, '' AS `df2`, '' AS `df3`, '' AS `df4` FROM `poliklinik` WHERE (`kd_poli` = 'IGDK') AND (`status`='1') {"params":[],"types":[],"executionMS":0.0005519390106201172} []
[2023-01-25T06:54:55.297664+00:00] log.DEBUG: SELECT `kd_pj` AS `lf`, `png_jawab` AS `df`, `nama_perusahaan` AS `df2`, '' AS `df3`, '' AS `df4` FROM `penjab` WHERE `kd_pj` = '-' {"params":[],"types":[],"executionMS":0.0005319118499755859} []
[2023-01-25T06:54:55.299296+00:00] log.DEBUG: SELECT COUNT(*) FROM (SELECT pasien_kunjungan.id_reg, pasien_kunjungan.no_rkm_medis, pasien_kunjungan.kd_poli, pasien_kunjungan.kd_dokter, pasien_kunjungan.tgl_registrasi, pasien_kunjungan.jam_reg, '' AS `cetak` FROM pasien_kunjungan WHERE pasien_kunjungan.no_rkm_medis='000010') COUNT_TABLE {"params":[],"types":[],"executionMS":0.0006198883056640625} []
[2023-01-25T06:54:55.300213+00:00] log.DEBUG: SELECT pasien_kunjungan.id_reg, pasien_kunjungan.no_rkm_medis, pasien_kunjungan.kd_poli, pasien_kunjungan.kd_dokter, pasien_kunjungan.tgl_registrasi, pasien_kunjungan.jam_reg, '' AS `cetak` FROM pasien_kunjungan WHERE pasien_kunjungan.no_rkm_medis='000010' LIMIT 1 {"params":[],"types":[],"executionMS":0.00051116943359375} []
[2023-01-25T06:55:09.779670+00:00] log.DEBUG: SELECT COUNT(*) FROM (SELECT `no_rkm_medis` AS `lf`, `no_rkm_medis` AS `df`, `nm_pasien` AS `df2`, `alamat` AS `df3`, `nm_ibu` AS `df4` FROM `pasien`) COUNT_TABLE {"params":[],"types":[],"executionMS":0.0006289482116699219} []
[2023-01-25T06:55:09.784755+00:00] log.DEBUG: SELECT `no_rkm_medis` AS `lf`, `no_rkm_medis` AS `df`, `nm_pasien` AS `df2`, `alamat` AS `df3`, `nm_ibu` AS `df4` FROM `pasien` ORDER BY `tgl_daftar` DESC {"params":[],"types":[],"executionMS":0.0008139610290527344} []
[2023-01-25T06:55:09.800560+00:00] log.DEBUG: SELECT COUNT(*) FROM (SELECT `kd_poli` AS `lf`, `nm_poli` AS `df`, '' AS `df2`, '' AS `df3`, '' AS `df4` FROM `poliklinik` WHERE `status`='1') COUNT_TABLE {"params":[],"types":[],"executionMS":0.0006530284881591797} []
[2023-01-25T06:55:09.801529+00:00] log.DEBUG: SELECT `kd_poli` AS `lf`, `nm_poli` AS `df`, '' AS `df2`, '' AS `df3`, '' AS `df4` FROM `poliklinik` WHERE `status`='1' {"params":[],"types":[],"executionMS":0.0006918907165527344} []
[2023-01-25T06:55:09.812683+00:00] log.DEBUG: SELECT COUNT(*) FROM (SELECT `kd_pj` AS `lf`, `png_jawab` AS `df`, `nama_perusahaan` AS `df2`, '' AS `df3`, '' AS `df4` FROM `penjab`) COUNT_TABLE {"params":[],"types":[],"executionMS":0.0006198883056640625} []
[2023-01-25T06:55:09.813659+00:00] log.DEBUG: SELECT `kd_pj` AS `lf`, `png_jawab` AS `df`, `nama_perusahaan` AS `df2`, '' AS `df3`, '' AS `df4` FROM `penjab` {"params":[],"types":[],"executionMS":0.0006918907165527344} []
[2023-01-25T06:55:09.902216+00:00] log.DEBUG: SELECT COUNT(*) FROM (SELECT pasien_kunjungan.*, '' AS `cetak` FROM pasien_kunjungan WHERE (pasien_kunjungan.kd_poli = 'IGDK') AND (`kd_poli`= 'IGDK')) COUNT_TABLE {"params":[],"types":[],"executionMS":0.0008308887481689453} []
[2023-01-25T06:55:09.915843+00:00] log.DEBUG: SELECT pasien_kunjungan.*, '' AS `cetak` FROM pasien_kunjungan WHERE (pasien_kunjungan.kd_poli = 'IGDK') AND (`kd_poli`= 'IGDK') LIMIT 20 {"params":[],"types":[],"executionMS":0.0009119510650634766} []
[2023-01-25T06:55:14.275458+00:00] log.DEBUG: SELECT COUNT(*) FROM `penilaian_awal_keperawatan_ralan` WHERE `no_rawat`='223457' {"params":[],"types":[],"executionMS":0.0005860328674316406} []
[2023-01-25T06:55:14.293603+00:00] log.DEBUG: SELECT * FROM `penilaian_awal_keperawatan_ralan` WHERE `no_rawat`='223457' LIMIT 1 {"params":[],"types":[],"executionMS":0.0010640621185302734} []
